<?xml version="1.0" encoding="UTF-8"?>
<!-- Generated by org.testng.reporters.JUnitReportReporter -->
<testsuite hostname="Admin-pc" failures="0" tests="1" name="demo.gidhub.Github" time="7.838" errors="0" timestamp="2023-01-03T14:54:01 IST" skipped="0">
  <testcase classname="demo.gidhub.Github" name="one" time="7.838"/>
  <system-out/>
</testsuite> <!-- demo.gidhub.Github -->
